C:\USERS\HANSRAJ PATEL\DESKTOP\SOFTWARE ENGG\ACADMANAGEMETSYSYETM\MASTER_ACAD_MANAGEMENT - COPY\DEBUG\ASMS_IITG.EXE
C:\USERS\HANSRAJ PATEL\DESKTOP\SOFTWARE ENGG\ACADMANAGEMETSYSYETM\MASTER_ACAD_MANAGEMENT - COPY\DEBUG\ASMS_IITG.ILK
C:\USERS\HANSRAJ PATEL\DESKTOP\SOFTWARE ENGG\ACADMANAGEMETSYSYETM\MASTER_ACAD_MANAGEMENT - COPY\DEBUG\ASMS_IITG.PDB
C:\USERS\HANSRAJ PATEL\DESKTOP\SOFTWARE ENGG\ACADMANAGEMETSYSYETM\MASTER_ACAD_MANAGEMENT - COPY\PROJECTUI\DEBUG\.NETFRAMEWORK,VERSION=V4.0.ASSEMBLYATTRIBUTES.OBJ
C:\USERS\HANSRAJ PATEL\DESKTOP\SOFTWARE ENGG\ACADMANAGEMETSYSYETM\MASTER_ACAD_MANAGEMENT - COPY\PROJECTUI\DEBUG\APP.RES
C:\USERS\HANSRAJ PATEL\DESKTOP\SOFTWARE ENGG\ACADMANAGEMETSYSYETM\MASTER_ACAD_MANAGEMENT - COPY\PROJECTUI\DEBUG\ASMS_IITG.EXE.INTERMEDIATE.MANIFEST
C:\USERS\HANSRAJ PATEL\DESKTOP\SOFTWARE ENGG\ACADMANAGEMETSYSYETM\MASTER_ACAD_MANAGEMENT - COPY\PROJECTUI\DEBUG\ASMS_IITG.PCH
C:\USERS\HANSRAJ PATEL\DESKTOP\SOFTWARE ENGG\ACADMANAGEMETSYSYETM\MASTER_ACAD_MANAGEMENT - COPY\PROJECTUI\DEBUG\ASSEMBLYINFO.OBJ
C:\USERS\HANSRAJ PATEL\DESKTOP\SOFTWARE ENGG\ACADMANAGEMETSYSYETM\MASTER_ACAD_MANAGEMENT - COPY\PROJECTUI\DEBUG\HOMEPAGE.OBJ
C:\USERS\HANSRAJ PATEL\DESKTOP\SOFTWARE ENGG\ACADMANAGEMETSYSYETM\MASTER_ACAD_MANAGEMENT - COPY\PROJECTUI\DEBUG\PROFESSOR.OBJ
C:\USERS\HANSRAJ PATEL\DESKTOP\SOFTWARE ENGG\ACADMANAGEMETSYSYETM\MASTER_ACAD_MANAGEMENT - COPY\PROJECTUI\DEBUG\PROFESSOR_CURRENTCOURSES.OBJ
C:\USERS\HANSRAJ PATEL\DESKTOP\SOFTWARE ENGG\ACADMANAGEMETSYSYETM\MASTER_ACAD_MANAGEMENT - COPY\PROJECTUI\DEBUG\PROFESSOR_SENDCOURSEPREFERENCE.OBJ
C:\USERS\HANSRAJ PATEL\DESKTOP\SOFTWARE ENGG\ACADMANAGEMETSYSYETM\MASTER_ACAD_MANAGEMENT - COPY\PROJECTUI\DEBUG\PROFESSOR_SENDGRADES.OBJ
C:\USERS\HANSRAJ PATEL\DESKTOP\SOFTWARE ENGG\ACADMANAGEMETSYSYETM\MASTER_ACAD_MANAGEMENT - COPY\PROJECTUI\DEBUG\PROJECTUI.OBJ
C:\USERS\HANSRAJ PATEL\DESKTOP\SOFTWARE ENGG\ACADMANAGEMETSYSYETM\MASTER_ACAD_MANAGEMENT - COPY\PROJECTUI\DEBUG\STDAFX.OBJ
C:\USERS\HANSRAJ PATEL\DESKTOP\SOFTWARE ENGG\ACADMANAGEMETSYSYETM\MASTER_ACAD_MANAGEMENT - COPY\PROJECTUI\DEBUG\STUDENTFORM1.OBJ
C:\USERS\HANSRAJ PATEL\DESKTOP\SOFTWARE ENGG\ACADMANAGEMETSYSYETM\MASTER_ACAD_MANAGEMENT - COPY\PROJECTUI\DEBUG\STUDPROFILEUSERCTRL.OBJ
C:\USERS\HANSRAJ PATEL\DESKTOP\SOFTWARE ENGG\ACADMANAGEMETSYSYETM\MASTER_ACAD_MANAGEMENT - COPY\PROJECTUI\DEBUG\USERCONTROLSEARCH.OBJ
C:\USERS\HANSRAJ PATEL\DESKTOP\SOFTWARE ENGG\ACADMANAGEMETSYSYETM\MASTER_ACAD_MANAGEMENT - COPY\PROJECTUI\DEBUG\VC100.PDB
C:\USERS\HANSRAJ PATEL\DESKTOP\SOFTWARE ENGG\ACADMANAGEMETSYSYETM\MASTER_ACAD_MANAGEMENT\PROJECTUI\DEBUG\ASMS_IITG.PCH
C:\USERS\HANSRAJ PATEL\DESKTOP\SOFTWARE ENGG\ACADMANAGEMETSYSYETM\MASTER_ACAD_MANAGEMENT\PROJECTUI\DEBUG\ASSEMBLYINFO.OBJ
C:\USERS\HANSRAJ PATEL\DESKTOP\SOFTWARE ENGG\ACADMANAGEMETSYSYETM\MASTER_ACAD_MANAGEMENT\PROJECTUI\DEBUG\PROFESSOR.OBJ
C:\USERS\HANSRAJ PATEL\DESKTOP\SOFTWARE ENGG\ACADMANAGEMETSYSYETM\MASTER_ACAD_MANAGEMENT\PROJECTUI\DEBUG\PROFESSOR_CURRENTCOURSES.OBJ
C:\USERS\HANSRAJ PATEL\DESKTOP\SOFTWARE ENGG\ACADMANAGEMETSYSYETM\MASTER_ACAD_MANAGEMENT\PROJECTUI\DEBUG\PROFESSOR_SENDCOURSEPREFERENCE.OBJ
C:\USERS\HANSRAJ PATEL\DESKTOP\SOFTWARE ENGG\ACADMANAGEMETSYSYETM\MASTER_ACAD_MANAGEMENT\PROJECTUI\DEBUG\PROFESSOR_SENDGRADES.OBJ
C:\USERS\HANSRAJ PATEL\DESKTOP\SOFTWARE ENGG\ACADMANAGEMETSYSYETM\MASTER_ACAD_MANAGEMENT\PROJECTUI\DEBUG\STDAFX.OBJ
C:\USERS\HANSRAJ PATEL\DESKTOP\SOFTWARE ENGG\ACADMANAGEMETSYSYETM\MASTER_ACAD_MANAGEMENT\PROJECTUI\DEBUG\STUDPROFILEUSERCTRL.OBJ
C:\USERS\HANSRAJ PATEL\DESKTOP\SOFTWARE ENGG\ACADMANAGEMETSYSYETM\MASTER_ACAD_MANAGEMENT\PROJECTUI\DEBUG\USERCONTROLSEARCH.OBJ
C:\USERS\HANSRAJ PATEL\DESKTOP\SOFTWARE ENGG\ACADMANAGEMETSYSYETM\MASTER_ACAD_MANAGEMENT\PROJECTUI\DEBUG\VC100.PDB
C:\USERS\HANSRAJHELLO\DESKTOP\CS243 SWE\L3\SWE\MASTER_ACAD_MANAGEMENT\DEBUG\ASMS_IITG.EXE
C:\USERS\HANSRAJHELLO\DESKTOP\CS243 SWE\L3\SWE\MASTER_ACAD_MANAGEMENT\DEBUG\ASMS_IITG.ILK
C:\USERS\HANSRAJHELLO\DESKTOP\CS243 SWE\L3\SWE\MASTER_ACAD_MANAGEMENT\DEBUG\ASMS_IITG.PDB
C:\USERS\HANSRAJHELLO\DESKTOP\CS243 SWE\L3\SWE\MASTER_ACAD_MANAGEMENT\PROJECTUI\DEBUG\.NETFRAMEWORK,VERSION=V4.0.ASSEMBLYATTRIBUTES.OBJ
C:\Users\hansrajhello\Desktop\CS243 SWE\L3\SWE\Master_Acad_Management\projectUI\Debug\_NETFramework,Version=v4.0.AssemblyAttributes.obj
C:\USERS\HANSRAJHELLO\DESKTOP\CS243 SWE\L3\SWE\MASTER_ACAD_MANAGEMENT\PROJECTUI\DEBUG\APP.RES
C:\USERS\HANSRAJHELLO\DESKTOP\CS243 SWE\L3\SWE\MASTER_ACAD_MANAGEMENT\PROJECTUI\DEBUG\ASMS_IITG.EXE.INTERMEDIATE.MANIFEST
C:\Users\hansrajhello\Desktop\CS243 SWE\L3\SWE\Master_Acad_Management\projectUI\Debug\ASMS_IITG.exe.intermediate.manifest.xml
C:\USERS\HANSRAJHELLO\DESKTOP\CS243 SWE\L3\SWE\MASTER_ACAD_MANAGEMENT\PROJECTUI\DEBUG\ASMS_IITG.PCH
C:\Users\hansrajhello\Desktop\CS243 SWE\L3\SWE\Master_Acad_Management\projectUI\Debug\ASMS_IITG.write.1.tlog
C:\USERS\HANSRAJHELLO\DESKTOP\CS243 SWE\L3\SWE\MASTER_ACAD_MANAGEMENT\PROJECTUI\DEBUG\ASSEMBLYINFO.OBJ
C:\Users\hansrajhello\Desktop\CS243 SWE\L3\SWE\Master_Acad_Management\projectUI\Debug\cl.command.1.tlog
C:\Users\hansrajhello\Desktop\CS243 SWE\L3\SWE\Master_Acad_Management\projectUI\Debug\CL.read.1.tlog
C:\Users\hansrajhello\Desktop\CS243 SWE\L3\SWE\Master_Acad_Management\projectUI\Debug\CL.write.1.tlog
C:\USERS\HANSRAJHELLO\DESKTOP\CS243 SWE\L3\SWE\MASTER_ACAD_MANAGEMENT\PROJECTUI\DEBUG\HOMEPAGE.OBJ
C:\Users\hansrajhello\Desktop\CS243 SWE\L3\SWE\Master_Acad_Management\projectUI\Debug\link.10096.read.1.tlog
C:\Users\hansrajhello\Desktop\CS243 SWE\L3\SWE\Master_Acad_Management\projectUI\Debug\link.10096.write.1.tlog
C:\Users\hansrajhello\Desktop\CS243 SWE\L3\SWE\Master_Acad_Management\projectUI\Debug\link.10096-cvtres.read.1.tlog
C:\Users\hansrajhello\Desktop\CS243 SWE\L3\SWE\Master_Acad_Management\projectUI\Debug\link.10096-cvtres.write.1.tlog
C:\Users\hansrajhello\Desktop\CS243 SWE\L3\SWE\Master_Acad_Management\projectUI\Debug\link.10268.read.1.tlog
C:\Users\hansrajhello\Desktop\CS243 SWE\L3\SWE\Master_Acad_Management\projectUI\Debug\link.10268.write.1.tlog
C:\Users\hansrajhello\Desktop\CS243 SWE\L3\SWE\Master_Acad_Management\projectUI\Debug\link.10268-cvtres.read.1.tlog
C:\Users\hansrajhello\Desktop\CS243 SWE\L3\SWE\Master_Acad_Management\projectUI\Debug\link.10268-cvtres.write.1.tlog
C:\Users\hansrajhello\Desktop\CS243 SWE\L3\SWE\Master_Acad_Management\projectUI\Debug\link.10740.read.1.tlog
C:\Users\hansrajhello\Desktop\CS243 SWE\L3\SWE\Master_Acad_Management\projectUI\Debug\link.10740.write.1.tlog
C:\Users\hansrajhello\Desktop\CS243 SWE\L3\SWE\Master_Acad_Management\projectUI\Debug\link.10740-cvtres.read.1.tlog
C:\Users\hansrajhello\Desktop\CS243 SWE\L3\SWE\Master_Acad_Management\projectUI\Debug\link.10740-cvtres.write.1.tlog
C:\Users\hansrajhello\Desktop\CS243 SWE\L3\SWE\Master_Acad_Management\projectUI\Debug\link.10968.read.1.tlog
C:\Users\hansrajhello\Desktop\CS243 SWE\L3\SWE\Master_Acad_Management\projectUI\Debug\link.10968.write.1.tlog
C:\Users\hansrajhello\Desktop\CS243 SWE\L3\SWE\Master_Acad_Management\projectUI\Debug\link.10968-cvtres.read.1.tlog
C:\Users\hansrajhello\Desktop\CS243 SWE\L3\SWE\Master_Acad_Management\projectUI\Debug\link.10968-cvtres.write.1.tlog
C:\Users\hansrajhello\Desktop\CS243 SWE\L3\SWE\Master_Acad_Management\projectUI\Debug\link.11316.read.1.tlog
C:\Users\hansrajhello\Desktop\CS243 SWE\L3\SWE\Master_Acad_Management\projectUI\Debug\link.11316.write.1.tlog
C:\Users\hansrajhello\Desktop\CS243 SWE\L3\SWE\Master_Acad_Management\projectUI\Debug\link.11316-cvtres.read.1.tlog
C:\Users\hansrajhello\Desktop\CS243 SWE\L3\SWE\Master_Acad_Management\projectUI\Debug\link.11316-cvtres.write.1.tlog
C:\Users\hansrajhello\Desktop\CS243 SWE\L3\SWE\Master_Acad_Management\projectUI\Debug\link.11596.read.1.tlog
C:\Users\hansrajhello\Desktop\CS243 SWE\L3\SWE\Master_Acad_Management\projectUI\Debug\link.11596.write.1.tlog
C:\Users\hansrajhello\Desktop\CS243 SWE\L3\SWE\Master_Acad_Management\projectUI\Debug\link.11596-cvtres.read.1.tlog
C:\Users\hansrajhello\Desktop\CS243 SWE\L3\SWE\Master_Acad_Management\projectUI\Debug\link.11596-cvtres.write.1.tlog
C:\Users\hansrajhello\Desktop\CS243 SWE\L3\SWE\Master_Acad_Management\projectUI\Debug\link.11616.read.1.tlog
C:\Users\hansrajhello\Desktop\CS243 SWE\L3\SWE\Master_Acad_Management\projectUI\Debug\link.11616.write.1.tlog
C:\Users\hansrajhello\Desktop\CS243 SWE\L3\SWE\Master_Acad_Management\projectUI\Debug\link.11616-cvtres.read.1.tlog
C:\Users\hansrajhello\Desktop\CS243 SWE\L3\SWE\Master_Acad_Management\projectUI\Debug\link.11616-cvtres.write.1.tlog
C:\Users\hansrajhello\Desktop\CS243 SWE\L3\SWE\Master_Acad_Management\projectUI\Debug\link.11624.read.1.tlog
C:\Users\hansrajhello\Desktop\CS243 SWE\L3\SWE\Master_Acad_Management\projectUI\Debug\link.11624.write.1.tlog
C:\Users\hansrajhello\Desktop\CS243 SWE\L3\SWE\Master_Acad_Management\projectUI\Debug\link.11624-cvtres.read.1.tlog
C:\Users\hansrajhello\Desktop\CS243 SWE\L3\SWE\Master_Acad_Management\projectUI\Debug\link.11624-cvtres.write.1.tlog
C:\Users\hansrajhello\Desktop\CS243 SWE\L3\SWE\Master_Acad_Management\projectUI\Debug\link.11792.read.1.tlog
C:\Users\hansrajhello\Desktop\CS243 SWE\L3\SWE\Master_Acad_Management\projectUI\Debug\link.11792.write.1.tlog
C:\Users\hansrajhello\Desktop\CS243 SWE\L3\SWE\Master_Acad_Management\projectUI\Debug\link.11792-cvtres.read.1.tlog
C:\Users\hansrajhello\Desktop\CS243 SWE\L3\SWE\Master_Acad_Management\projectUI\Debug\link.11792-cvtres.write.1.tlog
C:\Users\hansrajhello\Desktop\CS243 SWE\L3\SWE\Master_Acad_Management\projectUI\Debug\link.11916.read.1.tlog
C:\Users\hansrajhello\Desktop\CS243 SWE\L3\SWE\Master_Acad_Management\projectUI\Debug\link.11916.write.1.tlog
C:\Users\hansrajhello\Desktop\CS243 SWE\L3\SWE\Master_Acad_Management\projectUI\Debug\link.11916-cvtres.read.1.tlog
C:\Users\hansrajhello\Desktop\CS243 SWE\L3\SWE\Master_Acad_Management\projectUI\Debug\link.11916-cvtres.write.1.tlog
C:\Users\hansrajhello\Desktop\CS243 SWE\L3\SWE\Master_Acad_Management\projectUI\Debug\link.12144.read.1.tlog
C:\Users\hansrajhello\Desktop\CS243 SWE\L3\SWE\Master_Acad_Management\projectUI\Debug\link.12144.write.1.tlog
C:\Users\hansrajhello\Desktop\CS243 SWE\L3\SWE\Master_Acad_Management\projectUI\Debug\link.12144-cvtres.read.1.tlog
C:\Users\hansrajhello\Desktop\CS243 SWE\L3\SWE\Master_Acad_Management\projectUI\Debug\link.12144-cvtres.write.1.tlog
C:\Users\hansrajhello\Desktop\CS243 SWE\L3\SWE\Master_Acad_Management\projectUI\Debug\link.12368.read.1.tlog
C:\Users\hansrajhello\Desktop\CS243 SWE\L3\SWE\Master_Acad_Management\projectUI\Debug\link.12368.write.1.tlog
C:\Users\hansrajhello\Desktop\CS243 SWE\L3\SWE\Master_Acad_Management\projectUI\Debug\link.12368-cvtres.read.1.tlog
C:\Users\hansrajhello\Desktop\CS243 SWE\L3\SWE\Master_Acad_Management\projectUI\Debug\link.12368-cvtres.write.1.tlog
C:\Users\hansrajhello\Desktop\CS243 SWE\L3\SWE\Master_Acad_Management\projectUI\Debug\link.12484.read.1.tlog
C:\Users\hansrajhello\Desktop\CS243 SWE\L3\SWE\Master_Acad_Management\projectUI\Debug\link.12484.write.1.tlog
C:\Users\hansrajhello\Desktop\CS243 SWE\L3\SWE\Master_Acad_Management\projectUI\Debug\link.12484-cvtres.read.1.tlog
C:\Users\hansrajhello\Desktop\CS243 SWE\L3\SWE\Master_Acad_Management\projectUI\Debug\link.12484-cvtres.write.1.tlog
C:\Users\hansrajhello\Desktop\CS243 SWE\L3\SWE\Master_Acad_Management\projectUI\Debug\link.13720.read.1.tlog
C:\Users\hansrajhello\Desktop\CS243 SWE\L3\SWE\Master_Acad_Management\projectUI\Debug\link.13720.write.1.tlog
C:\Users\hansrajhello\Desktop\CS243 SWE\L3\SWE\Master_Acad_Management\projectUI\Debug\link.13720-cvtres.read.1.tlog
C:\Users\hansrajhello\Desktop\CS243 SWE\L3\SWE\Master_Acad_Management\projectUI\Debug\link.13720-cvtres.write.1.tlog
C:\Users\hansrajhello\Desktop\CS243 SWE\L3\SWE\Master_Acad_Management\projectUI\Debug\link.13956.read.1.tlog
C:\Users\hansrajhello\Desktop\CS243 SWE\L3\SWE\Master_Acad_Management\projectUI\Debug\link.13956.write.1.tlog
C:\Users\hansrajhello\Desktop\CS243 SWE\L3\SWE\Master_Acad_Management\projectUI\Debug\link.13956-cvtres.read.1.tlog
C:\Users\hansrajhello\Desktop\CS243 SWE\L3\SWE\Master_Acad_Management\projectUI\Debug\link.13956-cvtres.write.1.tlog
C:\Users\hansrajhello\Desktop\CS243 SWE\L3\SWE\Master_Acad_Management\projectUI\Debug\link.14056.read.1.tlog
C:\Users\hansrajhello\Desktop\CS243 SWE\L3\SWE\Master_Acad_Management\projectUI\Debug\link.14056.write.1.tlog
C:\Users\hansrajhello\Desktop\CS243 SWE\L3\SWE\Master_Acad_Management\projectUI\Debug\link.14056-cvtres.read.1.tlog
C:\Users\hansrajhello\Desktop\CS243 SWE\L3\SWE\Master_Acad_Management\projectUI\Debug\link.14056-cvtres.write.1.tlog
C:\Users\hansrajhello\Desktop\CS243 SWE\L3\SWE\Master_Acad_Management\projectUI\Debug\link.14520.read.1.tlog
C:\Users\hansrajhello\Desktop\CS243 SWE\L3\SWE\Master_Acad_Management\projectUI\Debug\link.14520.write.1.tlog
C:\Users\hansrajhello\Desktop\CS243 SWE\L3\SWE\Master_Acad_Management\projectUI\Debug\link.14520-cvtres.read.1.tlog
C:\Users\hansrajhello\Desktop\CS243 SWE\L3\SWE\Master_Acad_Management\projectUI\Debug\link.14520-cvtres.write.1.tlog
C:\Users\hansrajhello\Desktop\CS243 SWE\L3\SWE\Master_Acad_Management\projectUI\Debug\link.14912.read.1.tlog
C:\Users\hansrajhello\Desktop\CS243 SWE\L3\SWE\Master_Acad_Management\projectUI\Debug\link.14912.write.1.tlog
C:\Users\hansrajhello\Desktop\CS243 SWE\L3\SWE\Master_Acad_Management\projectUI\Debug\link.14912-cvtres.read.1.tlog
C:\Users\hansrajhello\Desktop\CS243 SWE\L3\SWE\Master_Acad_Management\projectUI\Debug\link.14912-cvtres.write.1.tlog
C:\Users\hansrajhello\Desktop\CS243 SWE\L3\SWE\Master_Acad_Management\projectUI\Debug\link.15172.read.1.tlog
C:\Users\hansrajhello\Desktop\CS243 SWE\L3\SWE\Master_Acad_Management\projectUI\Debug\link.15172.write.1.tlog
C:\Users\hansrajhello\Desktop\CS243 SWE\L3\SWE\Master_Acad_Management\projectUI\Debug\link.15172-cvtres.read.1.tlog
C:\Users\hansrajhello\Desktop\CS243 SWE\L3\SWE\Master_Acad_Management\projectUI\Debug\link.15172-cvtres.write.1.tlog
C:\Users\hansrajhello\Desktop\CS243 SWE\L3\SWE\Master_Acad_Management\projectUI\Debug\link.15260.read.1.tlog
C:\Users\hansrajhello\Desktop\CS243 SWE\L3\SWE\Master_Acad_Management\projectUI\Debug\link.15260.write.1.tlog
C:\Users\hansrajhello\Desktop\CS243 SWE\L3\SWE\Master_Acad_Management\projectUI\Debug\link.15260-cvtres.read.1.tlog
C:\Users\hansrajhello\Desktop\CS243 SWE\L3\SWE\Master_Acad_Management\projectUI\Debug\link.15260-cvtres.write.1.tlog
C:\Users\hansrajhello\Desktop\CS243 SWE\L3\SWE\Master_Acad_Management\projectUI\Debug\link.1592.read.1.tlog
C:\Users\hansrajhello\Desktop\CS243 SWE\L3\SWE\Master_Acad_Management\projectUI\Debug\link.1592.write.1.tlog
C:\Users\hansrajhello\Desktop\CS243 SWE\L3\SWE\Master_Acad_Management\projectUI\Debug\link.1592-cvtres.read.1.tlog
C:\Users\hansrajhello\Desktop\CS243 SWE\L3\SWE\Master_Acad_Management\projectUI\Debug\link.1592-cvtres.write.1.tlog
C:\Users\hansrajhello\Desktop\CS243 SWE\L3\SWE\Master_Acad_Management\projectUI\Debug\link.1940.read.1.tlog
C:\Users\hansrajhello\Desktop\CS243 SWE\L3\SWE\Master_Acad_Management\projectUI\Debug\link.1940.write.1.tlog
C:\Users\hansrajhello\Desktop\CS243 SWE\L3\SWE\Master_Acad_Management\projectUI\Debug\link.1940-cvtres.read.1.tlog
C:\Users\hansrajhello\Desktop\CS243 SWE\L3\SWE\Master_Acad_Management\projectUI\Debug\link.1940-cvtres.write.1.tlog
C:\Users\hansrajhello\Desktop\CS243 SWE\L3\SWE\Master_Acad_Management\projectUI\Debug\link.240.read.1.tlog
C:\Users\hansrajhello\Desktop\CS243 SWE\L3\SWE\Master_Acad_Management\projectUI\Debug\link.240.write.1.tlog
C:\Users\hansrajhello\Desktop\CS243 SWE\L3\SWE\Master_Acad_Management\projectUI\Debug\link.240-cvtres.read.1.tlog
C:\Users\hansrajhello\Desktop\CS243 SWE\L3\SWE\Master_Acad_Management\projectUI\Debug\link.240-cvtres.write.1.tlog
C:\Users\hansrajhello\Desktop\CS243 SWE\L3\SWE\Master_Acad_Management\projectUI\Debug\link.2700.read.1.tlog
C:\Users\hansrajhello\Desktop\CS243 SWE\L3\SWE\Master_Acad_Management\projectUI\Debug\link.2700.write.1.tlog
C:\Users\hansrajhello\Desktop\CS243 SWE\L3\SWE\Master_Acad_Management\projectUI\Debug\link.2700-cvtres.read.1.tlog
C:\Users\hansrajhello\Desktop\CS243 SWE\L3\SWE\Master_Acad_Management\projectUI\Debug\link.2700-cvtres.write.1.tlog
C:\Users\hansrajhello\Desktop\CS243 SWE\L3\SWE\Master_Acad_Management\projectUI\Debug\link.2988.read.1.tlog
C:\Users\hansrajhello\Desktop\CS243 SWE\L3\SWE\Master_Acad_Management\projectUI\Debug\link.2988.write.1.tlog
C:\Users\hansrajhello\Desktop\CS243 SWE\L3\SWE\Master_Acad_Management\projectUI\Debug\link.2988-cvtres.read.1.tlog
C:\Users\hansrajhello\Desktop\CS243 SWE\L3\SWE\Master_Acad_Management\projectUI\Debug\link.2988-cvtres.write.1.tlog
C:\Users\hansrajhello\Desktop\CS243 SWE\L3\SWE\Master_Acad_Management\projectUI\Debug\link.2996.read.1.tlog
C:\Users\hansrajhello\Desktop\CS243 SWE\L3\SWE\Master_Acad_Management\projectUI\Debug\link.2996.write.1.tlog
C:\Users\hansrajhello\Desktop\CS243 SWE\L3\SWE\Master_Acad_Management\projectUI\Debug\link.2996-cvtres.read.1.tlog
C:\Users\hansrajhello\Desktop\CS243 SWE\L3\SWE\Master_Acad_Management\projectUI\Debug\link.2996-cvtres.write.1.tlog
C:\Users\hansrajhello\Desktop\CS243 SWE\L3\SWE\Master_Acad_Management\projectUI\Debug\link.3076.read.1.tlog
C:\Users\hansrajhello\Desktop\CS243 SWE\L3\SWE\Master_Acad_Management\projectUI\Debug\link.3076.write.1.tlog
C:\Users\hansrajhello\Desktop\CS243 SWE\L3\SWE\Master_Acad_Management\projectUI\Debug\link.3076-cvtres.read.1.tlog
C:\Users\hansrajhello\Desktop\CS243 SWE\L3\SWE\Master_Acad_Management\projectUI\Debug\link.3076-cvtres.write.1.tlog
C:\Users\hansrajhello\Desktop\CS243 SWE\L3\SWE\Master_Acad_Management\projectUI\Debug\link.3364.read.1.tlog
C:\Users\hansrajhello\Desktop\CS243 SWE\L3\SWE\Master_Acad_Management\projectUI\Debug\link.3364.write.1.tlog
C:\Users\hansrajhello\Desktop\CS243 SWE\L3\SWE\Master_Acad_Management\projectUI\Debug\link.3364-cvtres.read.1.tlog
C:\Users\hansrajhello\Desktop\CS243 SWE\L3\SWE\Master_Acad_Management\projectUI\Debug\link.3364-cvtres.write.1.tlog
C:\Users\hansrajhello\Desktop\CS243 SWE\L3\SWE\Master_Acad_Management\projectUI\Debug\link.348.read.1.tlog
C:\Users\hansrajhello\Desktop\CS243 SWE\L3\SWE\Master_Acad_Management\projectUI\Debug\link.348.write.1.tlog
C:\Users\hansrajhello\Desktop\CS243 SWE\L3\SWE\Master_Acad_Management\projectUI\Debug\link.348-cvtres.read.1.tlog
C:\Users\hansrajhello\Desktop\CS243 SWE\L3\SWE\Master_Acad_Management\projectUI\Debug\link.348-cvtres.write.1.tlog
C:\Users\hansrajhello\Desktop\CS243 SWE\L3\SWE\Master_Acad_Management\projectUI\Debug\link.3716.read.1.tlog
C:\Users\hansrajhello\Desktop\CS243 SWE\L3\SWE\Master_Acad_Management\projectUI\Debug\link.3716.write.1.tlog
C:\Users\hansrajhello\Desktop\CS243 SWE\L3\SWE\Master_Acad_Management\projectUI\Debug\link.3716-cvtres.read.1.tlog
C:\Users\hansrajhello\Desktop\CS243 SWE\L3\SWE\Master_Acad_Management\projectUI\Debug\link.3716-cvtres.write.1.tlog
C:\Users\hansrajhello\Desktop\CS243 SWE\L3\SWE\Master_Acad_Management\projectUI\Debug\link.3748.read.1.tlog
C:\Users\hansrajhello\Desktop\CS243 SWE\L3\SWE\Master_Acad_Management\projectUI\Debug\link.3748.write.1.tlog
C:\Users\hansrajhello\Desktop\CS243 SWE\L3\SWE\Master_Acad_Management\projectUI\Debug\link.3748-cvtres.read.1.tlog
C:\Users\hansrajhello\Desktop\CS243 SWE\L3\SWE\Master_Acad_Management\projectUI\Debug\link.3748-cvtres.write.1.tlog
C:\Users\hansrajhello\Desktop\CS243 SWE\L3\SWE\Master_Acad_Management\projectUI\Debug\link.3828.read.1.tlog
C:\Users\hansrajhello\Desktop\CS243 SWE\L3\SWE\Master_Acad_Management\projectUI\Debug\link.3828.write.1.tlog
C:\Users\hansrajhello\Desktop\CS243 SWE\L3\SWE\Master_Acad_Management\projectUI\Debug\link.3828-cvtres.read.1.tlog
C:\Users\hansrajhello\Desktop\CS243 SWE\L3\SWE\Master_Acad_Management\projectUI\Debug\link.3828-cvtres.write.1.tlog
C:\Users\hansrajhello\Desktop\CS243 SWE\L3\SWE\Master_Acad_Management\projectUI\Debug\link.3944.read.1.tlog
C:\Users\hansrajhello\Desktop\CS243 SWE\L3\SWE\Master_Acad_Management\projectUI\Debug\link.3944.write.1.tlog
C:\Users\hansrajhello\Desktop\CS243 SWE\L3\SWE\Master_Acad_Management\projectUI\Debug\link.3944-cvtres.read.1.tlog
C:\Users\hansrajhello\Desktop\CS243 SWE\L3\SWE\Master_Acad_Management\projectUI\Debug\link.3944-cvtres.write.1.tlog
C:\Users\hansrajhello\Desktop\CS243 SWE\L3\SWE\Master_Acad_Management\projectUI\Debug\link.4192.read.1.tlog
C:\Users\hansrajhello\Desktop\CS243 SWE\L3\SWE\Master_Acad_Management\projectUI\Debug\link.4192.write.1.tlog
C:\Users\hansrajhello\Desktop\CS243 SWE\L3\SWE\Master_Acad_Management\projectUI\Debug\link.4192-cvtres.read.1.tlog
C:\Users\hansrajhello\Desktop\CS243 SWE\L3\SWE\Master_Acad_Management\projectUI\Debug\link.4192-cvtres.write.1.tlog
C:\Users\hansrajhello\Desktop\CS243 SWE\L3\SWE\Master_Acad_Management\projectUI\Debug\link.4280.read.1.tlog
C:\Users\hansrajhello\Desktop\CS243 SWE\L3\SWE\Master_Acad_Management\projectUI\Debug\link.4280.write.1.tlog
C:\Users\hansrajhello\Desktop\CS243 SWE\L3\SWE\Master_Acad_Management\projectUI\Debug\link.4280-cvtres.read.1.tlog
C:\Users\hansrajhello\Desktop\CS243 SWE\L3\SWE\Master_Acad_Management\projectUI\Debug\link.4280-cvtres.write.1.tlog
C:\Users\hansrajhello\Desktop\CS243 SWE\L3\SWE\Master_Acad_Management\projectUI\Debug\link.4648.read.1.tlog
C:\Users\hansrajhello\Desktop\CS243 SWE\L3\SWE\Master_Acad_Management\projectUI\Debug\link.4648.write.1.tlog
C:\Users\hansrajhello\Desktop\CS243 SWE\L3\SWE\Master_Acad_Management\projectUI\Debug\link.4648-cvtres.read.1.tlog
C:\Users\hansrajhello\Desktop\CS243 SWE\L3\SWE\Master_Acad_Management\projectUI\Debug\link.4648-cvtres.write.1.tlog
C:\Users\hansrajhello\Desktop\CS243 SWE\L3\SWE\Master_Acad_Management\projectUI\Debug\link.4900.read.1.tlog
C:\Users\hansrajhello\Desktop\CS243 SWE\L3\SWE\Master_Acad_Management\projectUI\Debug\link.4900.write.1.tlog
C:\Users\hansrajhello\Desktop\CS243 SWE\L3\SWE\Master_Acad_Management\projectUI\Debug\link.4900-cvtres.read.1.tlog
C:\Users\hansrajhello\Desktop\CS243 SWE\L3\SWE\Master_Acad_Management\projectUI\Debug\link.4900-cvtres.write.1.tlog
C:\Users\hansrajhello\Desktop\CS243 SWE\L3\SWE\Master_Acad_Management\projectUI\Debug\link.5536.read.1.tlog
C:\Users\hansrajhello\Desktop\CS243 SWE\L3\SWE\Master_Acad_Management\projectUI\Debug\link.5536.write.1.tlog
C:\Users\hansrajhello\Desktop\CS243 SWE\L3\SWE\Master_Acad_Management\projectUI\Debug\link.5536-cvtres.read.1.tlog
C:\Users\hansrajhello\Desktop\CS243 SWE\L3\SWE\Master_Acad_Management\projectUI\Debug\link.5536-cvtres.write.1.tlog
C:\Users\hansrajhello\Desktop\CS243 SWE\L3\SWE\Master_Acad_Management\projectUI\Debug\link.6160.read.1.tlog
C:\Users\hansrajhello\Desktop\CS243 SWE\L3\SWE\Master_Acad_Management\projectUI\Debug\link.6160.write.1.tlog
C:\Users\hansrajhello\Desktop\CS243 SWE\L3\SWE\Master_Acad_Management\projectUI\Debug\link.6160-cvtres.read.1.tlog
C:\Users\hansrajhello\Desktop\CS243 SWE\L3\SWE\Master_Acad_Management\projectUI\Debug\link.6160-cvtres.write.1.tlog
C:\Users\hansrajhello\Desktop\CS243 SWE\L3\SWE\Master_Acad_Management\projectUI\Debug\link.6288.read.1.tlog
C:\Users\hansrajhello\Desktop\CS243 SWE\L3\SWE\Master_Acad_Management\projectUI\Debug\link.6288.write.1.tlog
C:\Users\hansrajhello\Desktop\CS243 SWE\L3\SWE\Master_Acad_Management\projectUI\Debug\link.6288-cvtres.read.1.tlog
C:\Users\hansrajhello\Desktop\CS243 SWE\L3\SWE\Master_Acad_Management\projectUI\Debug\link.6288-cvtres.write.1.tlog
C:\Users\hansrajhello\Desktop\CS243 SWE\L3\SWE\Master_Acad_Management\projectUI\Debug\link.6544.read.1.tlog
C:\Users\hansrajhello\Desktop\CS243 SWE\L3\SWE\Master_Acad_Management\projectUI\Debug\link.6544.write.1.tlog
C:\Users\hansrajhello\Desktop\CS243 SWE\L3\SWE\Master_Acad_Management\projectUI\Debug\link.6544-cvtres.read.1.tlog
C:\Users\hansrajhello\Desktop\CS243 SWE\L3\SWE\Master_Acad_Management\projectUI\Debug\link.6544-cvtres.write.1.tlog
C:\Users\hansrajhello\Desktop\CS243 SWE\L3\SWE\Master_Acad_Management\projectUI\Debug\link.6556.read.1.tlog
C:\Users\hansrajhello\Desktop\CS243 SWE\L3\SWE\Master_Acad_Management\projectUI\Debug\link.6556.write.1.tlog
C:\Users\hansrajhello\Desktop\CS243 SWE\L3\SWE\Master_Acad_Management\projectUI\Debug\link.6556-cvtres.read.1.tlog
C:\Users\hansrajhello\Desktop\CS243 SWE\L3\SWE\Master_Acad_Management\projectUI\Debug\link.6556-cvtres.write.1.tlog
C:\Users\hansrajhello\Desktop\CS243 SWE\L3\SWE\Master_Acad_Management\projectUI\Debug\link.6868.read.1.tlog
C:\Users\hansrajhello\Desktop\CS243 SWE\L3\SWE\Master_Acad_Management\projectUI\Debug\link.6868.write.1.tlog
C:\Users\hansrajhello\Desktop\CS243 SWE\L3\SWE\Master_Acad_Management\projectUI\Debug\link.6868-cvtres.read.1.tlog
C:\Users\hansrajhello\Desktop\CS243 SWE\L3\SWE\Master_Acad_Management\projectUI\Debug\link.6868-cvtres.write.1.tlog
C:\Users\hansrajhello\Desktop\CS243 SWE\L3\SWE\Master_Acad_Management\projectUI\Debug\link.7020.read.1.tlog
C:\Users\hansrajhello\Desktop\CS243 SWE\L3\SWE\Master_Acad_Management\projectUI\Debug\link.7020.write.1.tlog
C:\Users\hansrajhello\Desktop\CS243 SWE\L3\SWE\Master_Acad_Management\projectUI\Debug\link.7020-cvtres.read.1.tlog
C:\Users\hansrajhello\Desktop\CS243 SWE\L3\SWE\Master_Acad_Management\projectUI\Debug\link.7020-cvtres.write.1.tlog
C:\Users\hansrajhello\Desktop\CS243 SWE\L3\SWE\Master_Acad_Management\projectUI\Debug\link.7132.read.1.tlog
C:\Users\hansrajhello\Desktop\CS243 SWE\L3\SWE\Master_Acad_Management\projectUI\Debug\link.7132.write.1.tlog
C:\Users\hansrajhello\Desktop\CS243 SWE\L3\SWE\Master_Acad_Management\projectUI\Debug\link.7132-cvtres.read.1.tlog
C:\Users\hansrajhello\Desktop\CS243 SWE\L3\SWE\Master_Acad_Management\projectUI\Debug\link.7132-cvtres.write.1.tlog
C:\Users\hansrajhello\Desktop\CS243 SWE\L3\SWE\Master_Acad_Management\projectUI\Debug\link.7508.read.1.tlog
C:\Users\hansrajhello\Desktop\CS243 SWE\L3\SWE\Master_Acad_Management\projectUI\Debug\link.7508.write.1.tlog
C:\Users\hansrajhello\Desktop\CS243 SWE\L3\SWE\Master_Acad_Management\projectUI\Debug\link.7508-cvtres.read.1.tlog
C:\Users\hansrajhello\Desktop\CS243 SWE\L3\SWE\Master_Acad_Management\projectUI\Debug\link.7508-cvtres.write.1.tlog
C:\Users\hansrajhello\Desktop\CS243 SWE\L3\SWE\Master_Acad_Management\projectUI\Debug\link.7596.read.1.tlog
C:\Users\hansrajhello\Desktop\CS243 SWE\L3\SWE\Master_Acad_Management\projectUI\Debug\link.7596.write.1.tlog
C:\Users\hansrajhello\Desktop\CS243 SWE\L3\SWE\Master_Acad_Management\projectUI\Debug\link.7596-cvtres.read.1.tlog
C:\Users\hansrajhello\Desktop\CS243 SWE\L3\SWE\Master_Acad_Management\projectUI\Debug\link.7596-cvtres.write.1.tlog
C:\Users\hansrajhello\Desktop\CS243 SWE\L3\SWE\Master_Acad_Management\projectUI\Debug\link.7644.read.1.tlog
C:\Users\hansrajhello\Desktop\CS243 SWE\L3\SWE\Master_Acad_Management\projectUI\Debug\link.7644.write.1.tlog
C:\Users\hansrajhello\Desktop\CS243 SWE\L3\SWE\Master_Acad_Management\projectUI\Debug\link.7644-cvtres.read.1.tlog
C:\Users\hansrajhello\Desktop\CS243 SWE\L3\SWE\Master_Acad_Management\projectUI\Debug\link.7644-cvtres.write.1.tlog
C:\Users\hansrajhello\Desktop\CS243 SWE\L3\SWE\Master_Acad_Management\projectUI\Debug\link.7896.read.1.tlog
C:\Users\hansrajhello\Desktop\CS243 SWE\L3\SWE\Master_Acad_Management\projectUI\Debug\link.7896.write.1.tlog
C:\Users\hansrajhello\Desktop\CS243 SWE\L3\SWE\Master_Acad_Management\projectUI\Debug\link.7896-cvtres.read.1.tlog
C:\Users\hansrajhello\Desktop\CS243 SWE\L3\SWE\Master_Acad_Management\projectUI\Debug\link.7896-cvtres.write.1.tlog
C:\Users\hansrajhello\Desktop\CS243 SWE\L3\SWE\Master_Acad_Management\projectUI\Debug\link.8056.read.1.tlog
C:\Users\hansrajhello\Desktop\CS243 SWE\L3\SWE\Master_Acad_Management\projectUI\Debug\link.8056.write.1.tlog
C:\Users\hansrajhello\Desktop\CS243 SWE\L3\SWE\Master_Acad_Management\projectUI\Debug\link.8056-cvtres.read.1.tlog
C:\Users\hansrajhello\Desktop\CS243 SWE\L3\SWE\Master_Acad_Management\projectUI\Debug\link.8056-cvtres.write.1.tlog
C:\Users\hansrajhello\Desktop\CS243 SWE\L3\SWE\Master_Acad_Management\projectUI\Debug\link.8112.read.1.tlog
C:\Users\hansrajhello\Desktop\CS243 SWE\L3\SWE\Master_Acad_Management\projectUI\Debug\link.8112.write.1.tlog
C:\Users\hansrajhello\Desktop\CS243 SWE\L3\SWE\Master_Acad_Management\projectUI\Debug\link.8112-cvtres.read.1.tlog
C:\Users\hansrajhello\Desktop\CS243 SWE\L3\SWE\Master_Acad_Management\projectUI\Debug\link.8112-cvtres.write.1.tlog
C:\Users\hansrajhello\Desktop\CS243 SWE\L3\SWE\Master_Acad_Management\projectUI\Debug\link.8340.read.1.tlog
C:\Users\hansrajhello\Desktop\CS243 SWE\L3\SWE\Master_Acad_Management\projectUI\Debug\link.8340.write.1.tlog
C:\Users\hansrajhello\Desktop\CS243 SWE\L3\SWE\Master_Acad_Management\projectUI\Debug\link.8340-cvtres.read.1.tlog
C:\Users\hansrajhello\Desktop\CS243 SWE\L3\SWE\Master_Acad_Management\projectUI\Debug\link.8340-cvtres.write.1.tlog
C:\Users\hansrajhello\Desktop\CS243 SWE\L3\SWE\Master_Acad_Management\projectUI\Debug\link.8708.read.1.tlog
C:\Users\hansrajhello\Desktop\CS243 SWE\L3\SWE\Master_Acad_Management\projectUI\Debug\link.8708.write.1.tlog
C:\Users\hansrajhello\Desktop\CS243 SWE\L3\SWE\Master_Acad_Management\projectUI\Debug\link.8708-cvtres.read.1.tlog
C:\Users\hansrajhello\Desktop\CS243 SWE\L3\SWE\Master_Acad_Management\projectUI\Debug\link.8708-cvtres.write.1.tlog
C:\Users\hansrajhello\Desktop\CS243 SWE\L3\SWE\Master_Acad_Management\projectUI\Debug\link.8992.read.1.tlog
C:\Users\hansrajhello\Desktop\CS243 SWE\L3\SWE\Master_Acad_Management\projectUI\Debug\link.8992.write.1.tlog
C:\Users\hansrajhello\Desktop\CS243 SWE\L3\SWE\Master_Acad_Management\projectUI\Debug\link.8992-cvtres.read.1.tlog
C:\Users\hansrajhello\Desktop\CS243 SWE\L3\SWE\Master_Acad_Management\projectUI\Debug\link.8992-cvtres.write.1.tlog
C:\Users\hansrajhello\Desktop\CS243 SWE\L3\SWE\Master_Acad_Management\projectUI\Debug\link.9080.read.1.tlog
C:\Users\hansrajhello\Desktop\CS243 SWE\L3\SWE\Master_Acad_Management\projectUI\Debug\link.9080.write.1.tlog
C:\Users\hansrajhello\Desktop\CS243 SWE\L3\SWE\Master_Acad_Management\projectUI\Debug\link.9080-cvtres.read.1.tlog
C:\Users\hansrajhello\Desktop\CS243 SWE\L3\SWE\Master_Acad_Management\projectUI\Debug\link.9080-cvtres.write.1.tlog
C:\Users\hansrajhello\Desktop\CS243 SWE\L3\SWE\Master_Acad_Management\projectUI\Debug\link.9116.read.1.tlog
C:\Users\hansrajhello\Desktop\CS243 SWE\L3\SWE\Master_Acad_Management\projectUI\Debug\link.9116.write.1.tlog
C:\Users\hansrajhello\Desktop\CS243 SWE\L3\SWE\Master_Acad_Management\projectUI\Debug\link.9116-cvtres.read.1.tlog
C:\Users\hansrajhello\Desktop\CS243 SWE\L3\SWE\Master_Acad_Management\projectUI\Debug\link.9116-cvtres.write.1.tlog
C:\Users\hansrajhello\Desktop\CS243 SWE\L3\SWE\Master_Acad_Management\projectUI\Debug\link.9140.read.1.tlog
C:\Users\hansrajhello\Desktop\CS243 SWE\L3\SWE\Master_Acad_Management\projectUI\Debug\link.9140.write.1.tlog
C:\Users\hansrajhello\Desktop\CS243 SWE\L3\SWE\Master_Acad_Management\projectUI\Debug\link.9140-cvtres.read.1.tlog
C:\Users\hansrajhello\Desktop\CS243 SWE\L3\SWE\Master_Acad_Management\projectUI\Debug\link.9140-cvtres.write.1.tlog
C:\Users\hansrajhello\Desktop\CS243 SWE\L3\SWE\Master_Acad_Management\projectUI\Debug\link.9344.read.1.tlog
C:\Users\hansrajhello\Desktop\CS243 SWE\L3\SWE\Master_Acad_Management\projectUI\Debug\link.9344.write.1.tlog
C:\Users\hansrajhello\Desktop\CS243 SWE\L3\SWE\Master_Acad_Management\projectUI\Debug\link.9344-cvtres.read.1.tlog
C:\Users\hansrajhello\Desktop\CS243 SWE\L3\SWE\Master_Acad_Management\projectUI\Debug\link.9344-cvtres.write.1.tlog
C:\Users\hansrajhello\Desktop\CS243 SWE\L3\SWE\Master_Acad_Management\projectUI\Debug\link.9356.read.1.tlog
C:\Users\hansrajhello\Desktop\CS243 SWE\L3\SWE\Master_Acad_Management\projectUI\Debug\link.9356.write.1.tlog
C:\Users\hansrajhello\Desktop\CS243 SWE\L3\SWE\Master_Acad_Management\projectUI\Debug\link.9356-cvtres.read.1.tlog
C:\Users\hansrajhello\Desktop\CS243 SWE\L3\SWE\Master_Acad_Management\projectUI\Debug\link.9356-cvtres.write.1.tlog
C:\Users\hansrajhello\Desktop\CS243 SWE\L3\SWE\Master_Acad_Management\projectUI\Debug\link.9372.read.1.tlog
C:\Users\hansrajhello\Desktop\CS243 SWE\L3\SWE\Master_Acad_Management\projectUI\Debug\link.9372.write.1.tlog
C:\Users\hansrajhello\Desktop\CS243 SWE\L3\SWE\Master_Acad_Management\projectUI\Debug\link.9372-cvtres.read.1.tlog
C:\Users\hansrajhello\Desktop\CS243 SWE\L3\SWE\Master_Acad_Management\projectUI\Debug\link.9372-cvtres.write.1.tlog
C:\Users\hansrajhello\Desktop\CS243 SWE\L3\SWE\Master_Acad_Management\projectUI\Debug\link.9400.read.1.tlog
C:\Users\hansrajhello\Desktop\CS243 SWE\L3\SWE\Master_Acad_Management\projectUI\Debug\link.9400.write.1.tlog
C:\Users\hansrajhello\Desktop\CS243 SWE\L3\SWE\Master_Acad_Management\projectUI\Debug\link.9400-cvtres.read.1.tlog
C:\Users\hansrajhello\Desktop\CS243 SWE\L3\SWE\Master_Acad_Management\projectUI\Debug\link.9400-cvtres.write.1.tlog
C:\Users\hansrajhello\Desktop\CS243 SWE\L3\SWE\Master_Acad_Management\projectUI\Debug\link.9468.read.1.tlog
C:\Users\hansrajhello\Desktop\CS243 SWE\L3\SWE\Master_Acad_Management\projectUI\Debug\link.9468.write.1.tlog
C:\Users\hansrajhello\Desktop\CS243 SWE\L3\SWE\Master_Acad_Management\projectUI\Debug\link.9468-cvtres.read.1.tlog
C:\Users\hansrajhello\Desktop\CS243 SWE\L3\SWE\Master_Acad_Management\projectUI\Debug\link.9468-cvtres.write.1.tlog
C:\Users\hansrajhello\Desktop\CS243 SWE\L3\SWE\Master_Acad_Management\projectUI\Debug\link.9588.read.1.tlog
C:\Users\hansrajhello\Desktop\CS243 SWE\L3\SWE\Master_Acad_Management\projectUI\Debug\link.9588.write.1.tlog
C:\Users\hansrajhello\Desktop\CS243 SWE\L3\SWE\Master_Acad_Management\projectUI\Debug\link.9588-cvtres.read.1.tlog
C:\Users\hansrajhello\Desktop\CS243 SWE\L3\SWE\Master_Acad_Management\projectUI\Debug\link.9588-cvtres.write.1.tlog
C:\Users\hansrajhello\Desktop\CS243 SWE\L3\SWE\Master_Acad_Management\projectUI\Debug\link.command.1.tlog
C:\Users\hansrajhello\Desktop\CS243 SWE\L3\SWE\Master_Acad_Management\projectUI\Debug\link.read.1.tlog
C:\Users\hansrajhello\Desktop\CS243 SWE\L3\SWE\Master_Acad_Management\projectUI\Debug\link.write.1.tlog
C:\Users\hansrajhello\Desktop\CS243 SWE\L3\SWE\Master_Acad_Management\projectUI\Debug\mt.command.1.tlog
C:\Users\hansrajhello\Desktop\CS243 SWE\L3\SWE\Master_Acad_Management\projectUI\Debug\mt.read.1.tlog
C:\Users\hansrajhello\Desktop\CS243 SWE\L3\SWE\Master_Acad_Management\projectUI\Debug\mt.write.1.tlog
C:\USERS\HANSRAJHELLO\DESKTOP\CS243 SWE\L3\SWE\MASTER_ACAD_MANAGEMENT\PROJECTUI\DEBUG\PROFESSOR.OBJ
C:\USERS\HANSRAJHELLO\DESKTOP\CS243 SWE\L3\SWE\MASTER_ACAD_MANAGEMENT\PROJECTUI\DEBUG\PROFESSOR_CURRENTCOURSES.OBJ
C:\USERS\HANSRAJHELLO\DESKTOP\CS243 SWE\L3\SWE\MASTER_ACAD_MANAGEMENT\PROJECTUI\DEBUG\PROFESSOR_SENDCOURSEPREFERENCE.OBJ
C:\USERS\HANSRAJHELLO\DESKTOP\CS243 SWE\L3\SWE\MASTER_ACAD_MANAGEMENT\PROJECTUI\DEBUG\PROFESSOR_SENDGRADES.OBJ
C:\Users\hansrajhello\Desktop\CS243 SWE\L3\SWE\Master_Acad_Management\projectUI\Debug\projectUI.Form1.resources
C:\Users\hansrajhello\Desktop\CS243 SWE\L3\SWE\Master_Acad_Management\projectUI\Debug\projectUI.Homepage.resources
C:\USERS\HANSRAJHELLO\DESKTOP\CS243 SWE\L3\SWE\MASTER_ACAD_MANAGEMENT\PROJECTUI\DEBUG\PROJECTUI.OBJ
C:\Users\hansrajhello\Desktop\CS243 SWE\L3\SWE\Master_Acad_Management\projectUI\Debug\projectUI.professor.resources
C:\Users\hansrajhello\Desktop\CS243 SWE\L3\SWE\Master_Acad_Management\projectUI\Debug\projectUI.professor_currentCourses.resources
C:\Users\hansrajhello\Desktop\CS243 SWE\L3\SWE\Master_Acad_Management\projectUI\Debug\projectUI.professor_sendCoursePreference.resources
C:\Users\hansrajhello\Desktop\CS243 SWE\L3\SWE\Master_Acad_Management\projectUI\Debug\projectUI.professor_sendGrades.resources
C:\Users\hansrajhello\Desktop\CS243 SWE\L3\SWE\Master_Acad_Management\projectUI\Debug\projectUI.StudentForm.resources
C:\Users\hansrajhello\Desktop\CS243 SWE\L3\SWE\Master_Acad_Management\projectUI\Debug\projectUI.StudProfileUserCtrl.resources
C:\Users\hansrajhello\Desktop\CS243 SWE\L3\SWE\Master_Acad_Management\projectUI\Debug\projectUI.UserControlSearch.resources
C:\Users\hansrajhello\Desktop\CS243 SWE\L3\SWE\Master_Acad_Management\projectUI\Debug\projectUI.vcxproj.GenerateResource.Cache
C:\Users\hansrajhello\Desktop\CS243 SWE\L3\SWE\Master_Acad_Management\projectUI\Debug\projectUI.vcxprojResolveAssemblyReference.cache
C:\Users\hansrajhello\Desktop\CS243 SWE\L3\SWE\Master_Acad_Management\projectUI\Debug\rc.command.1.tlog
C:\Users\hansrajhello\Desktop\CS243 SWE\L3\SWE\Master_Acad_Management\projectUI\Debug\rc.read.1.tlog
C:\Users\hansrajhello\Desktop\CS243 SWE\L3\SWE\Master_Acad_Management\projectUI\Debug\rc.write.1.tlog
C:\USERS\HANSRAJHELLO\DESKTOP\CS243 SWE\L3\SWE\MASTER_ACAD_MANAGEMENT\PROJECTUI\DEBUG\STDAFX.OBJ
C:\Users\hansrajhello\Desktop\CS243 SWE\L3\SWE\Master_Acad_Management\projectUI\Debug\StudentForm1.obj
C:\USERS\HANSRAJHELLO\DESKTOP\CS243 SWE\L3\SWE\MASTER_ACAD_MANAGEMENT\PROJECTUI\DEBUG\STUDPROFILEUSERCTRL.OBJ
C:\USERS\HANSRAJHELLO\DESKTOP\CS243 SWE\L3\SWE\MASTER_ACAD_MANAGEMENT\PROJECTUI\DEBUG\USERCONTROLSEARCH.OBJ
C:\USERS\HANSRAJHELLO\DESKTOP\CS243 SWE\L3\SWE\MASTER_ACAD_MANAGEMENT\PROJECTUI\DEBUG\VC100.PDB
E:\MASTER\IITG_ACADSECTIONMANAGEMENTSYSTEM\DEBUG\ASMS_IITG.EXE
E:\MASTER\IITG_ACADSECTIONMANAGEMENTSYSTEM\DEBUG\ASMS_IITG.ILK
E:\MASTER\IITG_ACADSECTIONMANAGEMENTSYSTEM\DEBUG\ASMS_IITG.PDB
E:\MASTER\IITG_ACADSECTIONMANAGEMENTSYSTEM\PROJECTUI\DEBUG\.NETFRAMEWORK,VERSION=V4.0.ASSEMBLYATTRIBUTES.OBJ
E:\MASTER\IITG_ACADSECTIONMANAGEMENTSYSTEM\PROJECTUI\DEBUG\APP.RES
E:\MASTER\IITG_ACADSECTIONMANAGEMENTSYSTEM\PROJECTUI\DEBUG\ASMS_IITG.EXE.INTERMEDIATE.MANIFEST
E:\MASTER\IITG_ACADSECTIONMANAGEMENTSYSTEM\PROJECTUI\DEBUG\ASMS_IITG.PCH
E:\MASTER\IITG_ACADSECTIONMANAGEMENTSYSTEM\PROJECTUI\DEBUG\ASSEMBLYINFO.OBJ
E:\MASTER\IITG_ACADSECTIONMANAGEMENTSYSTEM\PROJECTUI\DEBUG\PROFESSOR.OBJ
E:\MASTER\IITG_ACADSECTIONMANAGEMENTSYSTEM\PROJECTUI\DEBUG\PROFESSOR_CURRENTCOURSES.OBJ
E:\MASTER\IITG_ACADSECTIONMANAGEMENTSYSTEM\PROJECTUI\DEBUG\PROFESSOR_SENDCOURSEPREFERENCE.OBJ
E:\MASTER\IITG_ACADSECTIONMANAGEMENTSYSTEM\PROJECTUI\DEBUG\PROFESSOR_SENDGRADES.OBJ
E:\MASTER\IITG_ACADSECTIONMANAGEMENTSYSTEM\PROJECTUI\DEBUG\PROJECTUI.OBJ
E:\MASTER\IITG_ACADSECTIONMANAGEMENTSYSTEM\PROJECTUI\DEBUG\STDAFX.OBJ
E:\MASTER\IITG_ACADSECTIONMANAGEMENTSYSTEM\PROJECTUI\DEBUG\VC100.PDB
