Build started 29-03-2019 00:08:41.
     1>Project "C:\Users\hansrajhello\Desktop\CS243 SWE\HansuAcadManagement\A\projectUI\projectUI.vcxproj" on node 2 (build target(s)).
     1>InitializeBuildStatus:
         Creating "Debug\ASMS_IITG.unsuccessfulbuild" because "AlwaysCreate" was specified.
       GenerateTargetFrameworkMonikerAttribute:
       Skipping target "GenerateTargetFrameworkMonikerAttribute" because all output files are up-to-date with respect to the input files.
       ClCompile:
         All outputs are up-to-date.
         All outputs are up-to-date.
         All outputs are up-to-date.
       CoreResGen:
         No resources are out of date with respect to their source files. Skipping resource generation.
       ResourceCompile:
         All outputs are up-to-date.
       Link:
         All outputs are up-to-date.
         projectUI.vcxproj -> C:\Users\hansrajhello\Desktop\CS243 SWE\HansuAcadManagement\A\Debug\ASMS_IITG.exe
       FinalizeBuildStatus:
         Deleting file "Debug\ASMS_IITG.unsuccessfulbuild".
         Touching "Debug\ASMS_IITG.lastbuildstate".
     1>Done Building Project "C:\Users\hansrajhello\Desktop\CS243 SWE\HansuAcadManagement\A\projectUI\projectUI.vcxproj" (build target(s)).

Build succeeded.

Time Elapsed 00:00:00.17
